<?xml version="1.0" encoding="UTF-8"?>
<!-- Generated by org.testng.reporters.JUnitReportReporter -->
<testsuite hostname="DESKTOP-A5CHD3A" failures="0" tests="1" name="learning_TestNG.InvocationCount" time="11.757" errors="0" timestamp="2024-10-02T15:23:57 IST" skipped="0">
  <testcase classname="learning_TestNG.InvocationCount" name="loginTest" time="11.757"/>
</testsuite> <!-- learning_TestNG.InvocationCount -->
