<?xml version="1.0" encoding="UTF-8"?>
<!-- Generated by org.testng.reporters.JUnitReportReporter -->
<testsuite hostname="DESKTOP-A5CHD3A" failures="0" tests="3" name="learning_TestNG.First_TestNG_Class" time="0.011" errors="0" timestamp="2024-09-18T14:28:03 IST" skipped="0">
  <testcase classname="learning_TestNG.First_TestNG_Class" name="loginTest" time="0.001">
    <system-out>
      <![CDATA[User Logged in Successfully...]]>
    </system-out>
  </testcase> <!-- loginTest -->
  <testcase classname="learning_TestNG.First_TestNG_Class" name="cartTest" time="0.009">
    <system-out>
      <![CDATA[Product added to Cart Successfully...]]>
    </system-out>
  </testcase> <!-- cartTest -->
  <testcase classname="learning_TestNG.First_TestNG_Class" name="registerTest" time="0.001">
    <system-out>
      <![CDATA[User Registered in Successfully...]]>
    </system-out>
  </testcase> <!-- registerTest -->
  <system-out>
    <![CDATA[Product added to Cart Successfully...
User Logged in Successfully...
User Registered in Successfully...]]>
  </system-out>
</testsuite> <!-- learning_TestNG.First_TestNG_Class -->
