<?xml version="1.0" encoding="UTF-8"?>
<!-- Generated by org.testng.reporters.JUnitReportReporter -->
<testsuite hostname="DESKTOP-A5CHD3A" failures="0" tests="1" name="learning_TestNG.Fetching_Data_From_Excel_File" time="5.836" errors="0" timestamp="2024-10-05T14:57:55 IST" skipped="0">
  <testcase classname="learning_TestNG.Fetching_Data_From_Excel_File" name="registerTest" time="5.836"/>
</testsuite> <!-- learning_TestNG.Fetching_Data_From_Excel_File -->
