<?xml version="1.0" encoding="UTF-8"?>
<!-- Generated by org.testng.reporters.JUnitReportReporter -->
<testsuite hostname="DESKTOP-A5CHD3A" failures="0" tests="2" name="learning_TestNG.Parallel_Execution" time="22.141" errors="0" timestamp="2024-09-24T14:19:08 IST" skipped="0">
  <testcase classname="learning_TestNG.Parallel_Execution" name="loginTest" time="11.041"/>
  <testcase classname="learning_TestNG.Parallel_Execution" name="loginTest" time="11.100"/>
</testsuite> <!-- learning_TestNG.Parallel_Execution -->
