<?xml version="1.0" encoding="UTF-8"?>
<!-- Generated by org.testng.reporters.JUnitReportReporter -->
<testsuite hostname="DESKTOP-A5CHD3A" failures="0" tests="1" name="learning_TestNG.Fetching_Single_Data_From_Excel_File" time="8.575" errors="0" timestamp="2024-10-07T15:42:56 IST" skipped="0">
  <testcase classname="learning_TestNG.Fetching_Single_Data_From_Excel_File" name="registerTest" time="8.575"/>
</testsuite> <!-- learning_TestNG.Fetching_Single_Data_From_Excel_File -->
