<?xml version="1.0" encoding="UTF-8"?>
<!-- Generated by org.testng.reporters.JUnitReportReporter -->
<testsuite hostname="DESKTOP-A5CHD3A" failures="0" tests="3" name="learning_TestNG.Enabled_Attribute" time="0.010" errors="0" timestamp="2024-09-18T15:30:58 IST" skipped="1">
  <testcase classname="learning_TestNG.Enabled_Attribute" name="loginTest" time="0.008">
    <system-out>
      <![CDATA[User Logged in Successfully...]]>
    </system-out>
  </testcase> <!-- loginTest -->
  <testcase classname="learning_TestNG.Enabled_Attribute" name="cartTest" time="0.002">
    <system-out>
      <![CDATA[Product added to Cart Successfully...]]>
    </system-out>
  </testcase> <!-- cartTest -->
  <testcase classname="learning_TestNG.Enabled_Attribute" name="registerTest">
    <skipped/>
  </testcase> <!-- registerTest -->
  <system-out>
    <![CDATA[User Logged in Successfully...
Product added to Cart Successfully...]]>
  </system-out>
</testsuite> <!-- learning_TestNG.Enabled_Attribute -->
