<?xml version="1.0" encoding="UTF-8"?>
<!-- Generated by org.testng.reporters.JUnitReportReporter -->
<testsuite hostname="DESKTOP-A5CHD3A" failures="0" tests="1" name="learning_TestNG.Checking_Generic_Utilities" time="8.492" errors="0" timestamp="2024-09-23T15:48:51 IST" skipped="0">
  <testcase classname="learning_TestNG.Checking_Generic_Utilities" name="flipkart" time="8.492"/>
</testsuite> <!-- learning_TestNG.Checking_Generic_Utilities -->
