<?xml version="1.0" encoding="UTF-8"?>
<!-- Generated by org.testng.reporters.JUnitReportReporter -->
<testsuite hostname="DESKTOP-A5CHD3A" failures="0" tests="1" name="learning_TestNG.Search_In_DWS" time="5.516" errors="0" timestamp="2024-09-26T15:17:39 IST" skipped="0">
  <testcase classname="learning_TestNG.Search_In_DWS" name="searchProduct" time="5.516"/>
</testsuite> <!-- learning_TestNG.Search_In_DWS -->
