<?xml version="1.0" encoding="UTF-8"?>
<!-- Generated by org.testng.reporters.JUnitReportReporter -->
<testsuite hostname="DESKTOP-A5CHD3A" failures="0" tests="3" name="learning_TestNG.Depends_On_Methods_Attribute" time="0.012" errors="0" timestamp="2024-09-18T15:11:58 IST" skipped="0">
  <testcase classname="learning_TestNG.Depends_On_Methods_Attribute" name="registerTest" time="0.009">
    <system-out>
      <![CDATA[User Registered in Successfully...]]>
    </system-out>
  </testcase> <!-- registerTest -->
  <testcase classname="learning_TestNG.Depends_On_Methods_Attribute" name="cartTest" time="0.002">
    <system-out>
      <![CDATA[Product added to Cart Successfully...]]>
    </system-out>
  </testcase> <!-- cartTest -->
  <testcase classname="learning_TestNG.Depends_On_Methods_Attribute" name="loginTest" time="0.001">
    <system-out>
      <![CDATA[User Logged in Successfully...]]>
    </system-out>
  </testcase> <!-- loginTest -->
  <system-out>
    <![CDATA[User Registered in Successfully...
User Logged in Successfully...
Product added to Cart Successfully...]]>
  </system-out>
</testsuite> <!-- learning_TestNG.Depends_On_Methods_Attribute -->
