<?xml version="1.0" encoding="UTF-8"?>
<!-- Generated by org.testng.reporters.JUnitReportReporter -->
<testsuite hostname="DESKTOP-A5CHD3A" failures="0" tests="2" name="testScripts.WishlistTest" time="13.719" errors="0" timestamp="2024-09-26T15:12:00 IST" skipped="0">
  <testcase classname="testScripts.WishlistTest" name="addToWishlistTest" time="8.099">
    <system-out>
      <![CDATA[Product is added successfully to the Wishlist]]>
    </system-out>
  </testcase> <!-- addToWishlistTest -->
  <testcase classname="testScripts.WishlistTest" name="removeFromWishlistTest" time="5.620">
    <system-out>
      <![CDATA[Product is removed successfully from the Wishlist]]>
    </system-out>
  </testcase> <!-- removeFromWishlistTest -->
  <system-out>
    <![CDATA[Product is added successfully to the Wishlist
Product is removed successfully from the Wishlist
Product is added successfully to the Cart
Product is removed successfully from the Cart]]>
  </system-out>
</testsuite> <!-- testScripts.WishlistTest -->
