<?xml version="1.0" encoding="UTF-8"?>
<!-- Generated by org.testng.reporters.JUnitReportReporter -->
<testsuite hostname="DESKTOP-A5CHD3A" failures="0" tests="2" name="testScripts.CartTest" time="22.365" errors="0" timestamp="2024-10-18T14:38:03 IST" skipped="0">
  <testcase classname="testScripts.CartTest" name="addToCartTest" time="11.119">
    <system-out>
      <![CDATA[Product is added successfully to the Cart]]>
    </system-out>
  </testcase> <!-- addToCartTest -->
  <testcase classname="testScripts.CartTest" name="removeFromCartTest" time="11.246">
    <system-out>
      <![CDATA[Product is removed successfully from the Cart]]>
    </system-out>
  </testcase> <!-- removeFromCartTest -->
  <system-out>
    <![CDATA[Product is added successfully to the Cart
Product is removed successfully from the Cart]]>
  </system-out>
</testsuite> <!-- testScripts.CartTest -->
