<?xml version="1.0" encoding="UTF-8"?>
<!-- Generated by org.testng.reporters.JUnitReportReporter -->
<testsuite hostname="DESKTOP-A5CHD3A" failures="0" tests="2" name="learning_TestNG.LoginTest" time="18.574" errors="0" timestamp="2024-09-19T14:25:01 IST" skipped="0">
  <testcase classname="learning_TestNG.LoginTest" name="loginTest" time="10.843"/>
  <testcase classname="learning_TestNG.LoginTest" name="loginTest" time="7.731"/>
</testsuite> <!-- learning_TestNG.LoginTest -->
