<?xml version="1.0" encoding="UTF-8"?>
<!-- Generated by org.testng.reporters.JUnitReportReporter -->
<testsuite hostname="DESKTOP-A5CHD3A" failures="0" tests="1" name="learning_TestNG.Login_To_DWS" time="4.469" errors="0" timestamp="2024-09-27T14:22:13 IST" skipped="0">
  <testcase classname="learning_TestNG.Login_To_DWS" name="loginTest" time="4.469"/>
</testsuite> <!-- learning_TestNG.Login_To_DWS -->
