<?xml version="1.0" encoding="UTF-8"?>
<!-- Generated by org.testng.reporters.JUnitReportReporter -->
<testsuite hostname="DESKTOP-A5CHD3A" failures="0" tests="2" name="learning_TestNG.Configuration_Annotations" time="0.011" errors="0" timestamp="2024-09-20T14:29:28 IST" skipped="0">
  <testcase classname="learning_TestNG.Configuration_Annotations" name="removeFromCartTest" time="0.000">
    <system-out>
      <![CDATA[Executing Remove From Cart Test Case...]]>
    </system-out>
  </testcase> <!-- removeFromCartTest -->
  <testcase classname="learning_TestNG.Configuration_Annotations" name="AddToCartTest" time="0.011">
    <system-out>
      <![CDATA[Executing Add To Cart Test Case...]]>
    </system-out>
  </testcase> <!-- AddToCartTest -->
  <system-out>
    <![CDATA[Executing Before Suite...
Executing Before Test...
Executing Before Class...
Executing Before Method...
Executing Add To Cart Test Case...
Executing After Method...
Executing Before Method...
Executing Remove From Cart Test Case...
Executing After Method...
Executing After Class...
Executing After Test...
Executing After Suite...]]>
  </system-out>
</testsuite> <!-- learning_TestNG.Configuration_Annotations -->
